<?xml version="1.0" encoding="UTF-8"?>
<testng-results skipped="0" failed="0" ignored="0" total="1" passed="1">
  <reporter-output>
    <line>
      <![CDATA[successfully running  7]]>
    </line>
    <line>
      <![CDATA[successfully running 8]]>
    </line>
    <line>
      <![CDATA[successfully running 9]]>
    </line>
  </reporter-output>
  <suite name="Default suite" duration-ms="103" started-at="2020-08-07T15:00:21 IST" finished-at="2020-08-07T15:00:22 IST">
    <groups>
    </groups>
    <test name="Default test" duration-ms="103" started-at="2020-08-07T15:00:21 IST" finished-at="2020-08-07T15:00:22 IST">
      <class name="com.actime.testtrack.Demo">
        <test-method status="PASS" signature="runTest2()[pri:0, instance:com.actime.testtrack.Demo@3043fe0e]" name="runTest2" duration-ms="23" started-at="2020-08-07T15:00:21 IST" finished-at="2020-08-07T15:00:22 IST">
          <reporter-output>
            <line>
              <![CDATA[successfully running  7]]>
            </line>
            <line>
              <![CDATA[successfully running 8]]>
            </line>
            <line>
              <![CDATA[successfully running 9]]>
            </line>
          </reporter-output>
        </test-method> <!-- runTest2 -->
      </class> <!-- com.actime.testtrack.Demo -->
    </test> <!-- Default test -->
  </suite> <!-- Default suite -->
</testng-results>
